time="2023-01-22T20:46:56+03:00" level=info msg="Start app" func="main.init.0()" file="main.go:15"
time="2023-01-22T20:52:06+03:00" level=info msg="Start app" func="main.init.0()" file="main.go:15"
time="2023-01-22T20:52:18+03:00" level=info msg="Entered year in the future" func="January_1st_Calculator/controllers.CompareDates()" file="yearsController.go:25"
time="2023-01-22T20:52:22+03:00" level=info msg="Entered year in the past" func="January_1st_Calculator/controllers.CompareDates()" file="yearsController.go:29"
time="2023-01-22T20:52:29+03:00" level=info msg="HTTP header contains X-PING" func="January_1st_Calculator/middleware.PingMiddleware.func1()" file="headerChecker.go:16"
time="2023-01-22T20:52:29+03:00" level=info msg="Entered year in the future" func="January_1st_Calculator/controllers.CompareDates()" file="yearsController.go:25"
time="2023-01-22T20:54:49+03:00" level=info msg="Start app" func="main.init.0()" file="main.go:15"
time="2023-01-22T20:55:00+03:00" level=info msg="Entered year in the past" func="January_1st_Calculator/controllers.CompareDates()" file="yearsController.go:29"
time="2023-01-22T20:56:19+03:00" level=info msg="Start app" func="main.init.0()" file="main.go:15"
time="2023-01-22T20:56:26+03:00" level=error msg="Data entered in the wrong format" func="January_1st_Calculator/controllers.CompareDates()" file="yearsController.go:15"
time="2023-01-22T20:56:26+03:00" level=info msg="Entered year in the past" func="January_1st_Calculator/controllers.CompareDates()" file="yearsController.go:29"
time="2023-01-22T21:04:28+03:00" level=info msg="Start app" func="main.init.0()" file="main.go:15"
time="2023-01-22T21:04:49+03:00" level=info msg="HTTP header contains X-PING" func="January_1st_Calculator/middleware.PingMiddleware.func1()" file="headerChecker.go:16"
time="2023-01-22T21:04:49+03:00" level=info msg="Entered year in the future" func="January_1st_Calculator/controllers.CompareDates()" file="yearsController.go:25"
time="2023-01-22T21:15:34+03:00" level=info msg="Entered year in the past" func="January_1st_Calculator/controllers.CompareDates()" file="yearsController.go:29"
time="2023-01-22T21:17:44+03:00" level=info msg="HTTP header contains X-PING" func="January_1st_Calculator/middleware.PingMiddleware.func1()" file="headerChecker.go:16"
time="2023-01-22T21:17:44+03:00" level=info msg="Entered year in the future" func="January_1st_Calculator/controllers.CompareDates()" file="yearsController.go:25"
time="2023-01-22T21:23:05+03:00" level=info msg="HTTP header contains X-PING" func="January_1st_Calculator/middleware.PingMiddleware.func1()" file="headerChecker.go:16"
time="2023-01-22T21:23:05+03:00" level=info msg="Entered year in the past" func="January_1st_Calculator/controllers.CompareDates()" file="yearsController.go:29"
time="2023-01-22T21:30:40+03:00" level=info msg="HTTP header contains X-PING" func="January_1st_Calculator/middleware.PingMiddleware.func1()" file="headerChecker.go:16"
time="2023-01-22T21:30:40+03:00" level=info msg="Entered year in the past" func="January_1st_Calculator/controllers.CompareDates()" file="yearsController.go:29"
